
> torch-lock@0.1.0 test
> node --test test/*.test.mjs

TAP version 13
# Subtest: CLI Smoke Test
    # Subtest: should print usage when no args provided
    ok 1 - should print usage when no args provided
      ---
      duration_ms: 164.342148
      type: 'test'
      ...
    # Subtest: should fail when checking without cadence
    ok 2 - should fail when checking without cadence
      ---
      duration_ms: 146.141257
      type: 'test'
      ...
    # Subtest: should include paused agents in check output
    ok 3 - should include paused agents in check output
      ---
      duration_ms: 15204.078541
      type: 'test'
      ...
    1..3
ok 1 - CLI Smoke Test
  ---
  duration_ms: 15516.416385
  type: 'suite'
  ...
1..1
# tests 3
# suites 1
# pass 3
# fail 0
# cancelled 0
# skipped 0
# todo 0
# duration_ms 15615.275486
