
> torch-lock@0.1.0 lint
> eslint .


/app/scripts/agent/smoke-test.mjs
  23:7   warning  'CONFIRM_PUBLIC' is assigned a value but never used  no-unused-vars
  48:14  warning  'e' is defined but never used                        no-unused-vars

/app/scripts/benchmark-dashboard.mjs
  25:14  warning  'e' is defined but never used  no-unused-vars
  62:22  warning  'e' is defined but never used  no-unused-vars

/app/src/lock-utils.mjs
  29:14  warning  '_' is assigned a value but never used  no-unused-vars

/app/src/ops.mjs
  341:16  warning  'e' is defined but never used  no-unused-vars

/app/src/services/memory/embedder.js
  17:28  warning  'text' is defined but never used  no-unused-vars

/app/test-audit/run-flaky-check.mjs
  18:24  warning  'code' is defined but never used  no-unused-vars

/app/test-audit/run-static-analysis.mjs
  15:12  warning  'e' is defined but never used  no-unused-vars

/app/test/lib.test.mjs
  102:11  warning  'mockPublishLock' is assigned a value but never used  no-unused-vars
  356:11  warning  'mockPublishLock' is assigned a value but never used  no-unused-vars

/app/test/memory-formatter.test.mjs
  9:3  warning  'isMemoryRetrievalEnabled' is defined but never used  no-unused-vars

/app/test/nostr-lock.test.mjs
  1:10  warning  'test' is defined but never used  no-unused-vars

✖ 13 problems (0 errors, 13 warnings)
